{"/Users/tiagohy/my-docs/CentralUserHub-BuiltInTDD/server/src/app.ts": {"path":"/Users/tiagohy/my-docs/CentralUserHub-BuiltInTDD/server/src/app.ts","statementMap":{"0":{"start":{"line":1,"column":0},"end":{"line":1,"column":53}},"1":{"start":{"line":2,"column":0},"end":{"line":2,"column":24}},"2":{"start":{"line":3,"column":0},"end":{"line":3,"column":42}},"3":{"start":{"line":5,"column":12},"end":{"line":5,"column":21}},"4":{"start":{"line":6,"column":0},"end":{"line":6,"column":24}},"5":{"start":{"line":7,"column":0},"end":{"line":9,"column":4}},"6":{"start":{"line":10,"column":0},"end":{"line":10,"column":40}},"7":{"start":{"line":12,"column":20},"end":{"line":15,"column":1}},"8":{"start":{"line":13,"column":2},"end":{"line":13,"column":22}},"9":{"start":{"line":14,"column":2},"end":{"line":14,"column":14}},"10":{"start":{"line":17,"column":0},"end":{"line":23,"column":3}},"11":{"start":{"line":17,"column":65},"end":{"line":23,"column":2}},"12":{"start":{"line":18,"column":20},"end":{"line":18,"column":46}},"13":{"start":{"line":19,"column":21},"end":{"line":19,"column":52}},"14":{"start":{"line":20,"column":16},"end":{"line":20,"column":61}},"15":{"start":{"line":21,"column":2},"end":{"line":21,"column":46}},"16":{"start":{"line":22,"column":2},"end":{"line":22,"column":23}},"17":{"start":{"line":25,"column":0},"end":{"line":44,"column":3}},"18":{"start":{"line":25,"column":69},"end":{"line":44,"column":2}},"19":{"start":{"line":26,"column":20},"end":{"line":26,"column":46}},"20":{"start":{"line":27,"column":21},"end":{"line":27,"column":52}},"21":{"start":{"line":29,"column":2},"end":{"line":42,"column":null}},"22":{"start":{"line":30,"column":17},"end":{"line":30,"column":61}},"23":{"start":{"line":32,"column":4},"end":{"line":39,"column":null}},"24":{"start":{"line":33,"column":6},"end":{"line":36,"column":9}},"25":{"start":{"line":38,"column":6},"end":{"line":38,"column":39}},"26":{"start":{"line":41,"column":4},"end":{"line":41,"column":19}},"27":{"start":{"line":46,"column":0},"end":{"line":57,"column":3}},"28":{"start":{"line":46,"column":66},"end":{"line":57,"column":2}},"29":{"start":{"line":47,"column":20},"end":{"line":47,"column":46}},"30":{"start":{"line":48,"column":21},"end":{"line":48,"column":52}},"31":{"start":{"line":50,"column":2},"end":{"line":55,"column":null}},"32":{"start":{"line":51,"column":17},"end":{"line":51,"column":54}},"33":{"start":{"line":52,"column":4},"end":{"line":52,"column":49}},"34":{"start":{"line":54,"column":4},"end":{"line":54,"column":52}},"35":{"start":{"line":59,"column":0},"end":{"line":81,"column":3}},"36":{"start":{"line":59,"column":69},"end":{"line":81,"column":2}},"37":{"start":{"line":60,"column":20},"end":{"line":60,"column":46}},"38":{"start":{"line":61,"column":21},"end":{"line":61,"column":52}},"39":{"start":{"line":63,"column":2},"end":{"line":79,"column":null}},"40":{"start":{"line":64,"column":17},"end":{"line":64,"column":61}},"41":{"start":{"line":66,"column":4},"end":{"line":72,"column":null}},"42":{"start":{"line":67,"column":6},"end":{"line":70,"column":9}},"43":{"start":{"line":71,"column":6},"end":{"line":71,"column":12}},"44":{"start":{"line":74,"column":17},"end":{"line":74,"column":46}},"45":{"start":{"line":75,"column":4},"end":{"line":75,"column":37}},"46":{"start":{"line":76,"column":4},"end":{"line":76,"column":40}},"47":{"start":{"line":78,"column":4},"end":{"line":78,"column":52}},"48":{"start":{"line":83,"column":0},"end":{"line":105,"column":3}},"49":{"start":{"line":83,"column":72},"end":{"line":105,"column":2}},"50":{"start":{"line":84,"column":20},"end":{"line":84,"column":46}},"51":{"start":{"line":85,"column":21},"end":{"line":85,"column":52}},"52":{"start":{"line":87,"column":2},"end":{"line":103,"column":null}},"53":{"start":{"line":88,"column":17},"end":{"line":88,"column":61}},"54":{"start":{"line":90,"column":4},"end":{"line":96,"column":null}},"55":{"start":{"line":91,"column":6},"end":{"line":94,"column":9}},"56":{"start":{"line":95,"column":6},"end":{"line":95,"column":12}},"57":{"start":{"line":98,"column":4},"end":{"line":98,"column":37}},"58":{"start":{"line":99,"column":4},"end":{"line":99,"column":29}},"59":{"start":{"line":101,"column":4},"end":{"line":101,"column":null}},"60":{"start":{"line":102,"column":4},"end":{"line":102,"column":52}},"61":{"start":{"line":107,"column":0},"end":{"line":107,"column":19}}},"fnMap":{"0":{"name":"(anonymous_8)","decl":{"start":{"line":12,"column":20},"end":{"line":12,"column":21}},"loc":{"start":{"line":12,"column":29},"end":{"line":15,"column":1}}},"1":{"name":"(anonymous_9)","decl":{"start":{"line":17,"column":18},"end":{"line":17,"column":25}},"loc":{"start":{"line":17,"column":65},"end":{"line":23,"column":2}}},"2":{"name":"(anonymous_10)","decl":{"start":{"line":17,"column":65},"end":{"line":17,"column":null}},"loc":{"start":{"line":17,"column":65},"end":{"line":23,"column":1}}},"3":{"name":"(anonymous_11)","decl":{"start":{"line":25,"column":22},"end":{"line":25,"column":29}},"loc":{"start":{"line":25,"column":69},"end":{"line":44,"column":2}}},"4":{"name":"(anonymous_12)","decl":{"start":{"line":25,"column":69},"end":{"line":25,"column":null}},"loc":{"start":{"line":25,"column":69},"end":{"line":44,"column":1}}},"5":{"name":"(anonymous_13)","decl":{"start":{"line":46,"column":19},"end":{"line":46,"column":26}},"loc":{"start":{"line":46,"column":66},"end":{"line":57,"column":2}}},"6":{"name":"(anonymous_14)","decl":{"start":{"line":46,"column":66},"end":{"line":46,"column":null}},"loc":{"start":{"line":46,"column":66},"end":{"line":57,"column":1}}},"7":{"name":"(anonymous_15)","decl":{"start":{"line":59,"column":22},"end":{"line":59,"column":29}},"loc":{"start":{"line":59,"column":69},"end":{"line":81,"column":2}}},"8":{"name":"(anonymous_16)","decl":{"start":{"line":59,"column":69},"end":{"line":59,"column":null}},"loc":{"start":{"line":59,"column":69},"end":{"line":81,"column":1}}},"9":{"name":"(anonymous_17)","decl":{"start":{"line":83,"column":25},"end":{"line":83,"column":32}},"loc":{"start":{"line":83,"column":72},"end":{"line":105,"column":2}}},"10":{"name":"(anonymous_18)","decl":{"start":{"line":83,"column":72},"end":{"line":83,"column":null}},"loc":{"start":{"line":83,"column":72},"end":{"line":105,"column":1}}}},"branchMap":{"0":{"loc":{"start":{"line":32,"column":4},"end":{"line":39,"column":null}},"type":"if","locations":[{"start":{"line":32,"column":4},"end":{"line":39,"column":null}},{"start":{"line":37,"column":11},"end":{"line":39,"column":null}}]},"1":{"loc":{"start":{"line":66,"column":4},"end":{"line":72,"column":null}},"type":"if","locations":[{"start":{"line":66,"column":4},"end":{"line":72,"column":null}}]},"2":{"loc":{"start":{"line":90,"column":4},"end":{"line":96,"column":null}},"type":"if","locations":[{"start":{"line":90,"column":4},"end":{"line":96,"column":null}}]}},"s":{"0":1,"1":1,"2":1,"3":1,"4":1,"5":1,"6":1,"7":1,"8":4,"9":4,"10":1,"11":1,"12":1,"13":1,"14":1,"15":1,"16":1,"17":1,"18":2,"19":2,"20":2,"21":2,"22":2,"23":2,"24":1,"25":1,"26":0,"27":1,"28":1,"29":1,"30":1,"31":1,"32":1,"33":1,"34":0,"35":1,"36":2,"37":2,"38":2,"39":2,"40":2,"41":2,"42":1,"43":1,"44":1,"45":1,"46":1,"47":0,"48":1,"49":2,"50":2,"51":2,"52":2,"53":2,"54":2,"55":1,"56":1,"57":1,"58":1,"59":0,"60":0,"61":1},"f":{"0":4,"1":1,"2":1,"3":2,"4":2,"5":1,"6":1,"7":2,"8":2,"9":2,"10":2},"b":{"0":[1,1],"1":[1],"2":[1]}}
,"/Users/tiagohy/my-docs/CentralUserHub-BuiltInTDD/server/src/container.ts": {"path":"/Users/tiagohy/my-docs/CentralUserHub-BuiltInTDD/server/src/container.ts","statementMap":{"0":{"start":{"line":1,"column":0},"end":{"line":1,"column":38}},"1":{"start":{"line":2,"column":0},"end":{"line":2,"column":71}},"2":{"start":{"line":15,"column":29},"end":{"line":18,"column":4}},"3":{"start":{"line":21,"column":4},"end":{"line":23,"column":null}},"4":{"start":{"line":22,"column":6},"end":{"line":22,"column":29}},"5":{"start":{"line":25,"column":16},"end":{"line":25,"column":86}},"6":{"start":{"line":26,"column":19},"end":{"line":26,"column":39}},"7":{"start":{"line":27,"column":4},"end":{"line":27,"column":27}},"8":{"start":{"line":29,"column":4},"end":{"line":29,"column":29}},"9":{"start":{"line":30,"column":4},"end":{"line":30,"column":18}},"10":{"start":{"line":34,"column":4},"end":{"line":36,"column":null}},"11":{"start":{"line":35,"column":6},"end":{"line":35,"column":33}},"12":{"start":{"line":38,"column":19},"end":{"line":38,"column":36}},"13":{"start":{"line":40,"column":4},"end":{"line":40,"column":27}},"14":{"start":{"line":41,"column":23},"end":{"line":41,"column":63}},"15":{"start":{"line":43,"column":4},"end":{"line":43,"column":62}},"16":{"start":{"line":46,"column":2},"end":{"line":49,"column":4}},"17":{"start":{"line":52,"column":0},"end":{"line":52,"column":31}}},"fnMap":{"0":{"name":"createContainer","decl":{"start":{"line":14,"column":15},"end":{"line":14,"column":30}},"loc":{"start":{"line":14,"column":30},"end":{"line":50,"column":null}}},"1":{"name":"getClient","decl":{"start":{"line":20,"column":17},"end":{"line":20,"column":26}},"loc":{"start":{"line":20,"column":26},"end":{"line":31,"column":null}}},"2":{"name":"getRepository","decl":{"start":{"line":33,"column":17},"end":{"line":33,"column":30}},"loc":{"start":{"line":33,"column":30},"end":{"line":44,"column":null}}}},"branchMap":{"0":{"loc":{"start":{"line":21,"column":4},"end":{"line":23,"column":null}},"type":"if","locations":[{"start":{"line":21,"column":4},"end":{"line":23,"column":null}}]},"1":{"loc":{"start":{"line":34,"column":4},"end":{"line":36,"column":null}},"type":"if","locations":[{"start":{"line":34,"column":4},"end":{"line":36,"column":null}}]},"2":{"loc":{"start":{"line":34,"column":8},"end":{"line":34,"column":73}},"type":"binary-expr","locations":[{"start":{"line":34,"column":8},"end":{"line":34,"column":41}},{"start":{"line":34,"column":45},"end":{"line":34,"column":73}}]}},"s":{"0":3,"1":3,"2":4,"3":9,"4":5,"5":4,"6":4,"7":4,"8":4,"9":4,"10":11,"11":7,"12":4,"13":4,"14":4,"15":4,"16":4,"17":3},"f":{"0":4,"1":9,"2":11},"b":{"0":[5],"1":[7],"2":[11,11]}}
,"/Users/tiagohy/my-docs/CentralUserHub-BuiltInTDD/server/src/repository.ts": {"path":"/Users/tiagohy/my-docs/CentralUserHub-BuiltInTDD/server/src/repository.ts","statementMap":{"0":{"start":{"line":21,"column":4},"end":{"line":21,"column":36}},"1":{"start":{"line":25,"column":4},"end":{"line":25,"column":37}},"2":{"start":{"line":26,"column":4},"end":{"line":26,"column":16}},"3":{"start":{"line":30,"column":4},"end":{"line":30,"column":47}},"4":{"start":{"line":34,"column":4},"end":{"line":34,"column":46}},"5":{"start":{"line":38,"column":4},"end":{"line":38,"column":62}},"6":{"start":{"line":39,"column":4},"end":{"line":39,"column":16}},"7":{"start":{"line":43,"column":4},"end":{"line":43,"column":50}},"8":{"start":{"line":44,"column":4},"end":{"line":44,"column":16}},"9":{"start":{"line":47,"column":2},"end":{"line":54,"column":4}},"10":{"start":{"line":57,"column":0},"end":{"line":57,"column":30}}},"fnMap":{"0":{"name":"UserRepository","decl":{"start":{"line":18,"column":9},"end":{"line":18,"column":23}},"loc":{"start":{"line":18,"column":34},"end":{"line":55,"column":1}}},"1":{"name":"deleteAll","decl":{"start":{"line":20,"column":17},"end":{"line":20,"column":26}},"loc":{"start":{"line":20,"column":26},"end":{"line":22,"column":null}}},"2":{"name":"create","decl":{"start":{"line":24,"column":17},"end":{"line":24,"column":23}},"loc":{"start":{"line":24,"column":34},"end":{"line":27,"column":null}}},"3":{"name":"findAll","decl":{"start":{"line":29,"column":17},"end":{"line":29,"column":24}},"loc":{"start":{"line":29,"column":24},"end":{"line":31,"column":null}}},"4":{"name":"findById","decl":{"start":{"line":33,"column":17},"end":{"line":33,"column":25}},"loc":{"start":{"line":33,"column":36},"end":{"line":35,"column":null}}},"5":{"name":"update","decl":{"start":{"line":37,"column":17},"end":{"line":37,"column":23}},"loc":{"start":{"line":37,"column":34},"end":{"line":40,"column":null}}},"6":{"name":"deleteOne","decl":{"start":{"line":42,"column":17},"end":{"line":42,"column":26}},"loc":{"start":{"line":42,"column":37},"end":{"line":45,"column":null}}}},"branchMap":{},"s":{"0":12,"1":13,"2":13,"3":20,"4":9,"5":3,"6":3,"7":3,"8":3,"9":8,"10":4},"f":{"0":8,"1":12,"2":13,"3":20,"4":9,"5":3,"6":3},"b":{}}
}
