{"/Users/tiagohy/my-docs/CentralUserHub-BuiltInTDD/server/src/repository.ts": {"path":"/Users/tiagohy/my-docs/CentralUserHub-BuiltInTDD/server/src/repository.ts","statementMap":{"0":{"start":{"line":22,"column":4},"end":{"line":22,"column":36}},"1":{"start":{"line":26,"column":4},"end":{"line":26,"column":37}},"2":{"start":{"line":27,"column":4},"end":{"line":27,"column":16}},"3":{"start":{"line":31,"column":4},"end":{"line":31,"column":47}},"4":{"start":{"line":35,"column":4},"end":{"line":35,"column":46}},"5":{"start":{"line":39,"column":4},"end":{"line":39,"column":62}},"6":{"start":{"line":40,"column":4},"end":{"line":40,"column":16}},"7":{"start":{"line":44,"column":4},"end":{"line":44,"column":50}},"8":{"start":{"line":45,"column":4},"end":{"line":45,"column":16}},"9":{"start":{"line":48,"column":2},"end":{"line":55,"column":4}},"10":{"start":{"line":58,"column":0},"end":{"line":58,"column":30}}},"fnMap":{"0":{"name":"UserRepository","decl":{"start":{"line":19,"column":9},"end":{"line":19,"column":23}},"loc":{"start":{"line":19,"column":34},"end":{"line":56,"column":1}}},"1":{"name":"deleteAll","decl":{"start":{"line":21,"column":17},"end":{"line":21,"column":26}},"loc":{"start":{"line":21,"column":26},"end":{"line":23,"column":null}}},"2":{"name":"create","decl":{"start":{"line":25,"column":17},"end":{"line":25,"column":23}},"loc":{"start":{"line":25,"column":34},"end":{"line":28,"column":null}}},"3":{"name":"findAll","decl":{"start":{"line":30,"column":17},"end":{"line":30,"column":24}},"loc":{"start":{"line":30,"column":24},"end":{"line":32,"column":null}}},"4":{"name":"findById","decl":{"start":{"line":34,"column":17},"end":{"line":34,"column":25}},"loc":{"start":{"line":34,"column":36},"end":{"line":36,"column":null}}},"5":{"name":"update","decl":{"start":{"line":38,"column":17},"end":{"line":38,"column":23}},"loc":{"start":{"line":38,"column":34},"end":{"line":41,"column":null}}},"6":{"name":"deleteOne","decl":{"start":{"line":43,"column":17},"end":{"line":43,"column":26}},"loc":{"start":{"line":43,"column":37},"end":{"line":46,"column":null}}}},"branchMap":{},"s":{"0":4,"1":8,"2":8,"3":19,"4":1,"5":2,"6":2,"7":2,"8":2,"9":5,"10":2},"f":{"0":5,"1":4,"2":8,"3":19,"4":1,"5":2,"6":2},"b":{}}
}
