TN:
SF:src/app.ts
FN:12,(anonymous_8)
FN:17,(anonymous_9)
FN:17,(anonymous_10)
FN:25,(anonymous_11)
FN:25,(anonymous_12)
FN:46,(anonymous_13)
FN:46,(anonymous_14)
FN:59,(anonymous_15)
FN:59,(anonymous_16)
FN:83,(anonymous_17)
FN:83,(anonymous_18)
FNF:11
FNH:11
FNDA:4,(anonymous_8)
FNDA:1,(anonymous_9)
FNDA:1,(anonymous_10)
FNDA:2,(anonymous_11)
FNDA:2,(anonymous_12)
FNDA:1,(anonymous_13)
FNDA:1,(anonymous_14)
FNDA:2,(anonymous_15)
FNDA:2,(anonymous_16)
FNDA:2,(anonymous_17)
FNDA:2,(anonymous_18)
DA:1,1
DA:2,1
DA:3,1
DA:5,1
DA:6,1
DA:7,1
DA:10,1
DA:12,1
DA:13,4
DA:14,4
DA:17,1
DA:18,1
DA:19,1
DA:20,1
DA:21,1
DA:22,1
DA:25,2
DA:26,2
DA:27,2
DA:29,2
DA:30,2
DA:32,2
DA:33,1
DA:38,1
DA:41,0
DA:46,1
DA:47,1
DA:48,1
DA:50,1
DA:51,1
DA:52,1
DA:54,0
DA:59,2
DA:60,2
DA:61,2
DA:63,2
DA:64,2
DA:66,2
DA:67,1
DA:71,1
DA:74,1
DA:75,1
DA:76,1
DA:78,0
DA:83,2
DA:84,2
DA:85,2
DA:87,2
DA:88,2
DA:90,2
DA:91,1
DA:95,1
DA:98,1
DA:99,1
DA:101,0
DA:102,0
DA:107,1
LF:57
LH:52
BRDA:32,0,0,1
BRDA:32,0,1,1
BRDA:66,1,0,1
BRDA:90,2,0,1
BRF:4
BRH:4
end_of_record
TN:
SF:src/container.ts
FN:14,createContainer
FN:20,getClient
FN:33,getRepository
FNF:3
FNH:3
FNDA:4,createContainer
FNDA:9,getClient
FNDA:11,getRepository
DA:1,3
DA:2,3
DA:15,4
DA:21,9
DA:22,5
DA:25,4
DA:26,4
DA:27,4
DA:29,4
DA:30,4
DA:34,11
DA:35,7
DA:38,4
DA:40,4
DA:41,4
DA:43,4
DA:46,4
DA:52,3
LF:18
LH:18
BRDA:21,0,0,5
BRDA:34,1,0,7
BRDA:34,2,0,11
BRDA:34,2,1,11
BRF:4
BRH:4
end_of_record
TN:
SF:src/repository.ts
FN:18,UserRepository
FN:20,deleteAll
FN:24,create
FN:29,findAll
FN:33,findById
FN:37,update
FN:42,deleteOne
FNF:7
FNH:7
FNDA:8,UserRepository
FNDA:12,deleteAll
FNDA:13,create
FNDA:20,findAll
FNDA:9,findById
FNDA:3,update
FNDA:3,deleteOne
DA:21,12
DA:25,13
DA:26,13
DA:30,20
DA:34,9
DA:38,3
DA:39,3
DA:43,3
DA:44,3
DA:47,8
DA:57,4
LF:11
LH:11
BRF:0
BRH:0
end_of_record
